D:\MYCCODE\CALC\TEMP\DEBUG\CALCULATE.OBJ
D:\MYCCODE\CALC\TEMP\DEBUG\DEF.OBJ
D:\MYCCODE\CALC\TEMP\DEBUG\ERROR.OBJ
D:\MYCCODE\CALC\TEMP\DEBUG\INTERPERTER.OBJ
D:\MYCCODE\CALC\TEMP\DEBUG\MAPINFO.OBJ
D:\MYCCODE\CALC\TEMP\DEBUG\MATHFUNCTION.OBJ
D:\MYCCODE\CALC\TEMP\DEBUG\LEXERINFO.OBJ
D:\MYCCODE\CALC\TEMP\DEBUG\PHRASE.OBJ
D:\MYCCODE\CALC\TEMP\DEBUG\STDAFX.OBJ
D:\MYCCODE\CALC\TEMP\DEBUG\WORDINFO.OBJ
D:\MYCCODE\CALC\TEMP\DEBUG\VC110.PDB
D:\MYCCODE\CALC\TEMP\DEBUG\MAIN.OBJ
D:\MYCCODE\CALC\DEBUG\CALC1.ILK
D:\MYCCODE\CALC\DEBUG\CALC1.EXE
D:\MYCCODE\CALC\DEBUG\CALC1.PDB
D:\MYCCODE\calc\temp\Debug\calculate.obj
D:\MYCCODE\calc\temp\Debug\def.obj
D:\MYCCODE\calc\temp\Debug\Error.obj
D:\MYCCODE\calc\temp\Debug\Interperter.obj
D:\MYCCODE\calc\temp\Debug\LexerInfo.obj
D:\MYCCODE\calc\temp\Debug\main.obj
D:\MYCCODE\calc\temp\Debug\MapInfo.obj
D:\MYCCODE\calc\temp\Debug\mathfunction.obj
D:\MYCCODE\calc\temp\Debug\Phrase.obj
D:\MYCCODE\calc\temp\Debug\stdafx.obj
D:\MYCCODE\calc\temp\Debug\WordInfo.obj
D:\MYCCODE\calc\temp\Debug\cl.command.1.tlog
D:\MYCCODE\calc\temp\Debug\CL.read.1.tlog
D:\MYCCODE\calc\temp\Debug\CL.write.1.tlog
D:\MYCCODE\calc\temp\Debug\link-cvtres.read.1.tlog
D:\MYCCODE\calc\temp\Debug\link-cvtres.write.1.tlog
D:\MYCCODE\calc\temp\Debug\link-rc.read.1.tlog
D:\MYCCODE\calc\temp\Debug\link-rc.write.1.tlog
D:\MYCCODE\calc\temp\Debug\link.30920-cvtres.read.1.tlog
D:\MYCCODE\calc\temp\Debug\link.30920-cvtres.write.1.tlog
D:\MYCCODE\calc\temp\Debug\link.30920-rc.read.1.tlog
D:\MYCCODE\calc\temp\Debug\link.30920-rc.write.1.tlog
D:\MYCCODE\calc\temp\Debug\link.30920.read.1.tlog
D:\MYCCODE\calc\temp\Debug\link.30920.write.1.tlog
D:\MYCCODE\calc\temp\Debug\link.35524-cvtres.read.1.tlog
D:\MYCCODE\calc\temp\Debug\link.35524-cvtres.write.1.tlog
D:\MYCCODE\calc\temp\Debug\link.35524-rc.read.1.tlog
D:\MYCCODE\calc\temp\Debug\link.35524-rc.write.1.tlog
D:\MYCCODE\calc\temp\Debug\link.35524.read.1.tlog
D:\MYCCODE\calc\temp\Debug\link.35524.write.1.tlog
D:\MYCCODE\calc\temp\Debug\link.command.1.tlog
D:\MYCCODE\calc\temp\Debug\link.read.1.tlog
D:\MYCCODE\calc\temp\Debug\link.write.1.tlog
D:\MYCCODE\calc\temp\Debug\vc110.idb
D:\MYCCODE\calc\temp\Debug\vc110.pdb
D:\MYCCODE\calc\Debug\calc1.pdb
D:\MYCCODE\calc\Debug\calc1.exe
D:\MYCCODE\calc\Debug\calc1.ilk
