Build started 2014/10/13 16:28:05.
     1>Project "D:\MYCCODE\calc\temp\temp.vcxproj" on node 2 (Build target(s)).
     1>ClCompile:
         D:\Program Files (x86)\Microsoft Visual Studio 11.0\VC\bin\CL.exe /c /ZI /nologo /W3 /WX- /Od /Oy- /D WIN32 /D _DEBUG /D _CONSOLE /D _UNICODE /D UNICODE /Gm /EHsc /RTC1 /MDd /GS /fp:precise /Zc:wchar_t /Zc:forScope /Fo"Debug\\" /Fd"Debug\vc110.pdb" /Gd /TP /analyze- /errorReport:prompt def.cpp
         def.cpp
       Link:
         D:\Program Files (x86)\Microsoft Visual Studio 11.0\VC\bin\link.exe /ERRORREPORT:PROMPT /OUT:"D:\MYCCODE\calc\Debug\calc1.exe" /INCREMENTAL /NOLOGO kernel32.lib user32.lib gdi32.lib winspool.lib comdlg32.lib advapi32.lib shell32.lib ole32.lib oleaut32.lib uuid.lib odbc32.lib odbccp32.lib /MANIFEST /MANIFESTUAC:"level='asInvoker' uiAccess='false'" /manifest:embed /DEBUG /PDB:"D:\MYCCODE\calc\Debug\calc1.pdb" /SUBSYSTEM:CONSOLE /TLBID:1 /DYNAMICBASE /NXCOMPAT /IMPLIB:"D:\MYCCODE\calc\Debug\calc1.lib" /MACHINE:X86 Debug\calculate.obj
         Debug\def.obj
         Debug\Error.obj
         Debug\Interperter.obj
         Debug\main.obj
         Debug\MapInfo.obj
         Debug\mathfunction.obj
         Debug\LexerInfo.obj
         Debug\Phrase.obj
         Debug\stdafx.obj
         Debug\WordInfo.obj
         temp.vcxproj -> D:\MYCCODE\calc\Debug\calc1.exe
     1>Done Building Project "D:\MYCCODE\calc\temp\temp.vcxproj" (Build target(s)).

Build succeeded.

Time Elapsed 00:00:00.91
