Build started 2014/10/17 11:50:14.
     1>Project "D:\MYCCODE\calc\mymicro\mymicro.vcxproj" on node 2 (Build target(s)).
     1>ClCompile:
         D:\Program Files (x86)\Microsoft Visual Studio 11.0\VC\bin\CL.exe /c /ZI /nologo /W3 /WX- /sdl /Od /Oy- /D WIN32 /D _DEBUG /D _CONSOLE /D _UNICODE /D UNICODE /Gm /EHsc /RTC1 /MDd /GS /fp:precise /Zc:wchar_t /Zc:forScope /Yu"stdafx.h" /Fp"Debug\mymicro.pch" /Fo"Debug\\" /Fd"Debug\vc110.pdb" /Gd /TP /analyze- /errorReport:prompt main.cpp mymicro.cpp
         mymicro.cpp
     1>d:\myccode\calc\mymicro\mymicro.cpp(310): warning C4101: '_type' : unreferenced local variable
     1>d:\myccode\calc\mymicro\mymicro.cpp(584): warning C4018: '<' : signed/unsigned mismatch
     1>d:\myccode\calc\mymicro\mymicro.cpp(604): warning C4018: '<' : signed/unsigned mismatch
     1>d:\myccode\calc\mymicro\mymicro.cpp(629): warning C4018: '<' : signed/unsigned mismatch
     1>d:\myccode\calc\mymicro\mymicro.cpp(664): warning C4101: 'tp' : unreferenced local variable
         main.cpp
         Generating Code...
       Link:
         D:\Program Files (x86)\Microsoft Visual Studio 11.0\VC\bin\link.exe /ERRORREPORT:PROMPT /OUT:"D:\MYCCODE\calc\Debug\mymicro.exe" /INCREMENTAL /NOLOGO kernel32.lib user32.lib gdi32.lib winspool.lib comdlg32.lib advapi32.lib shell32.lib ole32.lib oleaut32.lib uuid.lib odbc32.lib odbccp32.lib /MANIFEST /MANIFESTUAC:"level='asInvoker' uiAccess='false'" /manifest:embed /DEBUG /PDB:"D:\MYCCODE\calc\Debug\mymicro.pdb" /SUBSYSTEM:CONSOLE /TLBID:1 /DYNAMICBASE /NXCOMPAT /IMPLIB:"D:\MYCCODE\calc\Debug\mymicro.lib" /MACHINE:X86 Debug\main.obj
         Debug\mymicro.obj
         Debug\stdafx.obj
         mymicro.vcxproj -> D:\MYCCODE\calc\Debug\mymicro.exe
     1>Done Building Project "D:\MYCCODE\calc\mymicro\mymicro.vcxproj" (Build target(s)).

Build succeeded.

Time Elapsed 00:00:07.12
